2023-08-10 17:52:25,626 [INFO] Activator:176 - 


2023-08-10 17:52:25,628 [INFO] Activator:177 - !SESSION log4j initialized
2023-08-10 17:52:27,910 [INFO] LogOutputStream:77 - [STDOUT_REDIRECT] 
2023-08-10 17:52:29,928 [INFO] ApplicationProperties:184 - Using Application install path: C:\ST\STM32CubeIDE_1.13.1\STM32CubeIDE\plugins\com.st.stm32cube.common.mx_6.9.1.202307191849
2023-08-10 17:52:29,942 [INFO] DbMcusXml:78 - Set database path to: C:\ST\STM32CubeIDE_1.13.1\STM32CubeIDE\plugins\com.st.stm32cube.common.mx_6.9.1.202307191849\\db\/mcu/
2023-08-10 17:52:29,943 [INFO] ApiDb:274 - Set plugin database path to: C:\ST\STM32CubeIDE_1.13.1\STM32CubeIDE\plugins\com.st.stm32cube.common.mx_6.9.1.202307191849\\db\/plugins/boardmanager/
2023-08-10 17:52:29,943 [WARN] ApiDb:259 - Overriding images path with different value:  => C:\ST\STM32CubeIDE_1.13.1\STM32CubeIDE\plugins\com.st.stm32cube.common.mx_6.9.1.202307191849\\db\/plugins/mcufinder/images/
2023-08-10 17:52:31,121 [WARN] ApiFinderProperties:113 - C:\Users\cuenc\.stmcufinder\plugins\mcufinder\mcu\mcuFinder.mfd doesn't exist
2023-08-10 17:52:31,122 [INFO] ApiDb:250 - Set database path to: C:\Users\cuenc\.stmcufinder\plugins\mcufinder//mcu/
2023-08-10 17:52:31,123 [INFO] DbMcusAds:125 - Set database path to: C:\Users\cuenc\.stmcufinder\plugins\mcufinder//mcu/
2023-08-10 17:52:31,125 [INFO] CrossReferenceDbSqlite:203 - Set database path to: C:\Users\cuenc\.stmcufinder\plugins\mcufinder//mcu/cs/
2023-08-10 17:52:31,213 [INFO] RulesReader:64 - Compatibility file has been processed (293 Rules)
2023-08-10 17:52:31,277 [INFO] DbMcusXml:78 - Set database path to: C:\ST\STM32CubeIDE_1.13.1\STM32CubeIDE\plugins\com.st.stm32cube.common.mx_6.9.1.202307191849\\db\/mcu/
2023-08-10 17:52:31,277 [INFO] ApiDb:274 - Set plugin database path to: C:\ST\STM32CubeIDE_1.13.1\STM32CubeIDE\plugins\com.st.stm32cube.common.mx_6.9.1.202307191849\\db\/plugins/boardmanager/
2023-08-10 17:52:31,278 [INFO] ApiDb:261 - Set plugin images path to: C:\ST\STM32CubeIDE_1.13.1\STM32CubeIDE\plugins\com.st.stm32cube.common.mx_6.9.1.202307191849\\db\/plugins/mcufinder/images/
2023-08-10 17:52:31,278 [WARN] DbFile:41 - Overriding database path with different value: C:\Users\cuenc\.stmcufinder\plugins\mcufinder/ => C:\Users\cuenc\.stmcufinder\plugins\mcufinder
2023-08-10 17:52:31,278 [INFO] ApiDb:250 - Set database path to: C:\Users\cuenc\.stmcufinder\plugins\mcufinder//mcu/
2023-08-10 17:52:31,278 [WARN] DbFile:41 - Overriding database path with different value: C:\Users\cuenc\.stmcufinder\plugins\mcufinder/ => C:\Users\cuenc\.stmcufinder\plugins\mcufinder
2023-08-10 17:52:31,278 [INFO] DbMcusAds:125 - Set database path to: C:\Users\cuenc\.stmcufinder\plugins\mcufinder//mcu/
2023-08-10 17:52:31,278 [WARN] DbFile:41 - Overriding database path with different value: C:\Users\cuenc\.stmcufinder\plugins\mcufinder/ => C:\Users\cuenc\.stmcufinder\plugins\mcufinder
2023-08-10 17:52:31,278 [WARN] DbFile:41 - Overriding database path with different value: C:\Users\cuenc\.stmcufinder\plugins\mcufinder/ => C:\Users\cuenc\.stmcufinder\plugins\mcufinder
2023-08-10 17:52:31,278 [INFO] CrossReferenceDbSqlite:203 - Set database path to: C:\Users\cuenc\.stmcufinder\plugins\mcufinder//mcu/cs/
2023-08-10 17:52:31,336 [INFO] MainPanel:262 - HeapMemory: 268435456
2023-08-10 17:52:31,389 [INFO] DbMcusXml:78 - Set database path to: C:\ST\STM32CubeIDE_1.13.1\STM32CubeIDE\plugins\com.st.stm32cube.common.mx_6.9.1.202307191849\\db\/mcu/
2023-08-10 17:52:31,389 [INFO] ApiDb:274 - Set plugin database path to: C:\ST\STM32CubeIDE_1.13.1\STM32CubeIDE\plugins\com.st.stm32cube.common.mx_6.9.1.202307191849\\db\/plugins/boardmanager/
2023-08-10 17:52:31,389 [INFO] ApiDb:261 - Set plugin images path to: C:\ST\STM32CubeIDE_1.13.1\STM32CubeIDE\plugins\com.st.stm32cube.common.mx_6.9.1.202307191849\\db\/plugins/mcufinder/images/
2023-08-10 17:52:31,390 [WARN] DbFile:41 - Overriding database path with different value: C:\Users\cuenc\.stmcufinder\plugins\mcufinder/ => C:\Users\cuenc\.stmcufinder\plugins\mcufinder
2023-08-10 17:52:31,390 [INFO] ApiDb:250 - Set database path to: C:\Users\cuenc\.stmcufinder\plugins\mcufinder//mcu/
2023-08-10 17:52:31,390 [WARN] DbFile:41 - Overriding database path with different value: C:\Users\cuenc\.stmcufinder\plugins\mcufinder/ => C:\Users\cuenc\.stmcufinder\plugins\mcufinder
2023-08-10 17:52:31,390 [INFO] DbMcusAds:125 - Set database path to: C:\Users\cuenc\.stmcufinder\plugins\mcufinder//mcu/
2023-08-10 17:52:31,390 [WARN] DbFile:41 - Overriding database path with different value: C:\Users\cuenc\.stmcufinder\plugins\mcufinder/ => C:\Users\cuenc\.stmcufinder\plugins\mcufinder
2023-08-10 17:52:31,390 [WARN] DbFile:41 - Overriding database path with different value: C:\Users\cuenc\.stmcufinder\plugins\mcufinder/ => C:\Users\cuenc\.stmcufinder\plugins\mcufinder
2023-08-10 17:52:31,390 [INFO] CrossReferenceDbSqlite:203 - Set database path to: C:\Users\cuenc\.stmcufinder\plugins\mcufinder//mcu/cs/
2023-08-10 17:52:31,403 [INFO] ApplicationProperties:184 - Using Application install path: C:\ST\STM32CubeIDE_1.13.1\STM32CubeIDE\plugins\com.st.stm32cube.common.mx_6.9.1.202307191849
2023-08-10 17:52:31,404 [INFO] PluginManage:196 - Search for loadable plugins [exclusion list=, ]
2023-08-10 17:52:31,405 [INFO] PluginManage:310 - Check plugin analytics
2023-08-10 17:52:31,526 [INFO] AnalyticsPlugin:253 - Accepted Software Licenses: 
2023-08-10 17:52:31,527 [INFO] AnalyticsPlugin:255 - Accepted CMSIS Pack Licenses: 
2023-08-10 17:52:31,527 [INFO] AnalyticsPlugin:257 - Accepted Firmware Licenses: 
2023-08-10 17:52:31,529 [INFO] PluginManage:359 - Loaded plugin analytics (category:tool,tabindex:-1)
2023-08-10 17:52:31,529 [INFO] PluginManage:310 - Check plugin cadmodel
2023-08-10 17:52:31,533 [INFO] CADModel:105 - Init CAD model plugin
2023-08-10 17:52:31,533 [INFO] PluginManage:359 - Loaded plugin cadmodel (category:power,tabindex:5)
2023-08-10 17:52:31,533 [INFO] PluginManage:310 - Check plugin clock
2023-08-10 17:52:31,540 [INFO] PluginManage:359 - Loaded plugin clock (category:base,tabindex:2)
2023-08-10 17:52:31,540 [INFO] PluginManage:310 - Check plugin ddr
2023-08-10 17:52:31,542 [INFO] PluginManage:359 - Loaded plugin ddr (category:tool,tabindex:6)
2023-08-10 17:52:31,542 [INFO] PluginManage:310 - Check plugin filemanager
2023-08-10 17:52:31,638 [INFO] PluginManage:359 - Loaded plugin filemanager (category:base,tabindex:10)
2023-08-10 17:52:31,638 [INFO] PluginManage:310 - Check plugin ipmanager
2023-08-10 17:52:31,645 [INFO] PluginManage:359 - Loaded plugin ipmanager (category:base,tabindex:5)
2023-08-10 17:52:31,645 [INFO] PluginManage:310 - Check plugin lpbam
2023-08-10 17:52:31,651 [INFO] PluginManage:359 - Loaded plugin lpbam (category:base,tabindex:0)
2023-08-10 17:52:31,651 [INFO] PluginManage:310 - Check plugin memorymap
2023-08-10 17:52:31,659 [INFO] PluginManage:359 - Loaded plugin memorymap (category:base,tabindex:4)
2023-08-10 17:52:31,659 [INFO] PluginManage:310 - Check plugin pinoutandconfiguration
2023-08-10 17:52:31,678 [INFO] PluginManage:359 - Loaded plugin pinoutandconfiguration (category:base,tabindex:1)
2023-08-10 17:52:31,678 [INFO] PluginManage:310 - Check plugin pinoutconfig
2023-08-10 17:52:31,758 [WARN] SupportedApi:132 - Cannot load RTOS API schema: s4s-elt-must-match.1: The content of 'definitions' must match (annotation?, (simpleType | complexType)?, (unique | key | keyref)*)). A problem was found starting at: attribute.
2023-08-10 17:52:31,874 [INFO] PluginManage:359 - Loaded plugin pinoutconfig (category:base,tabindex:0)
2023-08-10 17:52:31,875 [INFO] PluginManage:310 - Check plugin power
2023-08-10 17:52:31,882 [INFO] PluginManage:359 - Loaded plugin power (category:power,tabindex:4)
2023-08-10 17:52:31,882 [INFO] PluginManage:310 - Check plugin projectmanager
2023-08-10 17:52:31,896 [INFO] PluginManage:359 - Loaded plugin projectmanager (category:projectmanager,tabindex:3)
2023-08-10 17:52:31,896 [INFO] PluginManage:310 - Check plugin thirdparty
2023-08-10 17:52:31,984 [INFO] PluginManage:359 - Loaded plugin thirdparty (category:base,tabindex:-1)
2023-08-10 17:52:31,984 [WARN] IntegrityCheckThread:84 - waiting for thirdparty lock release [integrity check]
2023-08-10 17:52:31,984 [INFO] PluginManage:310 - Check plugin tools
2023-08-10 17:52:31,984 [INFO] IntegrityCheckThread:86 - entering critical section [integrity check]
2023-08-10 17:52:31,985 [INFO] ThirdPartyUpdaterWithRetryManager:70 - Updater plugin not ready yet. [1/15]
2023-08-10 17:52:31,986 [INFO] PluginManage:359 - Loaded plugin tools (category:base,tabindex:7)
2023-08-10 17:52:31,986 [INFO] PluginManage:310 - Check plugin tutovideos
2023-08-10 17:52:32,104 [INFO] PluginManage:359 - Loaded plugin tutovideos (category:base,tabindex:-1)
2023-08-10 17:52:32,104 [INFO] PluginManage:310 - Check plugin updater
2023-08-10 17:52:32,112 [INFO] PluginManage:359 - Loaded plugin updater (category:base,tabindex:12)
2023-08-10 17:52:32,112 [INFO] PluginManage:310 - Check plugin userauth
2023-08-10 17:52:32,115 [INFO] UserAuth:113 - Init User Auth plugin
2023-08-10 17:52:32,116 [INFO] PluginManage:359 - Loaded plugin userauth (category:base,tabindex:14)
2023-08-10 17:52:32,116 [INFO] PluginManage:283 - PluginManage : Loaded plugins [17]
2023-08-10 17:52:32,273 [INFO] PinOutPanel:1499 - setPackage(No Configuration,No Configuration)
2023-08-10 17:52:32,356 [INFO] CADModel:165 - CPN selected for project level
2023-08-10 17:52:32,356 [INFO] CADModel:114 - Register for checkConnection events
2023-08-10 17:52:32,367 [INFO] IPUIPlugin:80 - create IPUIPlugin
2023-08-10 17:52:32,368 [INFO] PluginManager:220 - loadIPPluginJar : add adc
2023-08-10 17:52:32,369 [INFO] IPUIPlugin:80 - create IPUIPlugin
2023-08-10 17:52:32,369 [INFO] PluginManager:220 - loadIPPluginJar : add aes
2023-08-10 17:52:32,371 [INFO] IPUIPlugin:80 - create IPUIPlugin
2023-08-10 17:52:32,371 [INFO] PluginManager:220 - loadIPPluginJar : add can
2023-08-10 17:52:32,372 [INFO] IPUIPlugin:80 - create IPUIPlugin
2023-08-10 17:52:32,372 [INFO] PluginManager:220 - loadIPPluginJar : add comp
2023-08-10 17:52:32,374 [INFO] IPUIPlugin:80 - create IPUIPlugin
2023-08-10 17:52:32,374 [INFO] PluginManager:220 - loadIPPluginJar : add cryp
2023-08-10 17:52:32,376 [INFO] IPUIPlugin:80 - create IPUIPlugin
2023-08-10 17:52:32,376 [INFO] PluginManager:220 - loadIPPluginJar : add dfsdm
2023-08-10 17:52:32,380 [INFO] IPUIPlugin:80 - create IPUIPlugin
2023-08-10 17:52:32,380 [INFO] PluginManager:220 - loadIPPluginJar : add dma
2023-08-10 17:52:32,382 [INFO] IPUIPlugin:80 - create IPUIPlugin
2023-08-10 17:52:32,382 [INFO] PluginManager:220 - loadIPPluginJar : add dma3
2023-08-10 17:52:32,383 [INFO] IPUIPlugin:80 - create IPUIPlugin
2023-08-10 17:52:32,383 [INFO] PluginManager:220 - loadIPPluginJar : add fatfs
2023-08-10 17:52:32,386 [INFO] IPUIPlugin:80 - create IPUIPlugin
2023-08-10 17:52:32,386 [INFO] PluginManager:220 - loadIPPluginJar : add fmc
2023-08-10 17:52:32,390 [INFO] IPUIPlugin:80 - create IPUIPlugin
2023-08-10 17:52:32,390 [INFO] PluginManager:220 - loadIPPluginJar : add freertos
2023-08-10 17:52:32,392 [INFO] IPUIPlugin:80 - create IPUIPlugin
2023-08-10 17:52:32,392 [INFO] PluginManager:220 - loadIPPluginJar : add genericplugin
2023-08-10 17:52:32,393 [INFO] IPUIPlugin:80 - create IPUIPlugin
2023-08-10 17:52:32,393 [INFO] PluginManager:220 - loadIPPluginJar : add gfxmmu
2023-08-10 17:52:32,397 [INFO] IPUIPlugin:80 - create IPUIPlugin
2023-08-10 17:52:32,397 [INFO] PluginManager:220 - loadIPPluginJar : add gic
2023-08-10 17:52:32,400 [INFO] IPUIPlugin:80 - create IPUIPlugin
2023-08-10 17:52:32,400 [INFO] PluginManager:220 - loadIPPluginJar : add gpio
2023-08-10 17:52:32,402 [INFO] IPUIPlugin:80 - create IPUIPlugin
2023-08-10 17:52:32,402 [INFO] PluginManager:220 - loadIPPluginJar : add gtzc
2023-08-10 17:52:32,404 [INFO] IPUIPlugin:80 - create IPUIPlugin
2023-08-10 17:52:32,404 [INFO] PluginManager:220 - loadIPPluginJar : add hash
2023-08-10 17:52:32,405 [INFO] IPUIPlugin:80 - create IPUIPlugin
2023-08-10 17:52:32,405 [INFO] PluginManager:220 - loadIPPluginJar : add i2c
2023-08-10 17:52:32,407 [INFO] IPUIPlugin:80 - create IPUIPlugin
2023-08-10 17:52:32,407 [INFO] PluginManager:220 - loadIPPluginJar : add i2s
2023-08-10 17:52:32,409 [INFO] IPUIPlugin:80 - create IPUIPlugin
2023-08-10 17:52:32,409 [INFO] PluginManager:220 - loadIPPluginJar : add i3c
2023-08-10 17:52:32,411 [INFO] IPUIPlugin:80 - create IPUIPlugin
2023-08-10 17:52:32,412 [INFO] PluginManager:220 - loadIPPluginJar : add ipddr
2023-08-10 17:52:32,416 [INFO] IPUIPlugin:80 - create IPUIPlugin
2023-08-10 17:52:32,416 [INFO] PluginManager:220 - loadIPPluginJar : add linkedlist
2023-08-10 17:52:32,418 [INFO] IPUIPlugin:80 - create IPUIPlugin
2023-08-10 17:52:32,418 [INFO] PluginManager:220 - loadIPPluginJar : add lorawan
2023-08-10 17:52:32,419 [INFO] IPUIPlugin:80 - create IPUIPlugin
2023-08-10 17:52:32,419 [INFO] PluginManager:220 - loadIPPluginJar : add ltdc
2023-08-10 17:52:32,423 [INFO] IPUIPlugin:80 - create IPUIPlugin
2023-08-10 17:52:32,424 [INFO] PluginManager:220 - loadIPPluginJar : add mdma
2023-08-10 17:52:32,426 [INFO] IPUIPlugin:80 - create IPUIPlugin
2023-08-10 17:52:32,426 [INFO] PluginManager:220 - loadIPPluginJar : add nvic
2023-08-10 17:52:32,428 [INFO] IPUIPlugin:80 - create IPUIPlugin
2023-08-10 17:52:32,428 [INFO] PluginManager:220 - loadIPPluginJar : add opamp
2023-08-10 17:52:32,430 [INFO] IPUIPlugin:80 - create IPUIPlugin
2023-08-10 17:52:32,430 [INFO] PluginManager:220 - loadIPPluginJar : add openamp
2023-08-10 17:52:32,432 [INFO] IPUIPlugin:80 - create IPUIPlugin
2023-08-10 17:52:32,432 [INFO] PluginManager:220 - loadIPPluginJar : add pdm2pcm
2023-08-10 17:52:32,437 [INFO] IPUIPlugin:80 - create IPUIPlugin
2023-08-10 17:52:32,440 [INFO] PluginManager:220 - loadIPPluginJar : add plateformsettings
2023-08-10 17:52:32,441 [INFO] IPUIPlugin:80 - create IPUIPlugin
2023-08-10 17:52:32,441 [INFO] PluginManager:220 - loadIPPluginJar : add quadspi
2023-08-10 17:52:32,444 [INFO] IPUIPlugin:80 - create IPUIPlugin
2023-08-10 17:52:32,444 [INFO] PluginManager:220 - loadIPPluginJar : add resmgrutility
2023-08-10 17:52:32,448 [INFO] IPUIPlugin:80 - create IPUIPlugin
2023-08-10 17:52:32,448 [INFO] PluginManager:220 - loadIPPluginJar : add sai
2023-08-10 17:52:32,449 [INFO] IPUIPlugin:80 - create IPUIPlugin
2023-08-10 17:52:32,450 [INFO] PluginManager:220 - loadIPPluginJar : add spi
2023-08-10 17:52:32,454 [INFO] IPUIPlugin:80 - create IPUIPlugin
2023-08-10 17:52:32,454 [INFO] PluginManager:220 - loadIPPluginJar : add stm32_wpan
2023-08-10 17:52:32,455 [INFO] IPUIPlugin:80 - create IPUIPlugin
2023-08-10 17:52:32,456 [INFO] PluginManager:220 - loadIPPluginJar : add tim
2023-08-10 17:52:32,458 [INFO] IPUIPlugin:80 - create IPUIPlugin
2023-08-10 17:52:32,458 [INFO] PluginManager:220 - loadIPPluginJar : add touchsensing
2023-08-10 17:52:32,460 [INFO] IPUIPlugin:80 - create IPUIPlugin
2023-08-10 17:52:32,460 [INFO] PluginManager:220 - loadIPPluginJar : add tracer_emb
2023-08-10 17:52:32,461 [INFO] IPUIPlugin:80 - create IPUIPlugin
2023-08-10 17:52:32,461 [INFO] PluginManager:220 - loadIPPluginJar : add ts
2023-08-10 17:52:32,462 [INFO] IPUIPlugin:80 - create IPUIPlugin
2023-08-10 17:52:32,462 [INFO] PluginManager:220 - loadIPPluginJar : add tsc
2023-08-10 17:52:32,463 [INFO] IPUIPlugin:80 - create IPUIPlugin
2023-08-10 17:52:32,463 [INFO] PluginManager:220 - loadIPPluginJar : add ucpd
2023-08-10 17:52:32,465 [INFO] IPUIPlugin:80 - create IPUIPlugin
2023-08-10 17:52:32,465 [INFO] PluginManager:220 - loadIPPluginJar : add usart
2023-08-10 17:52:32,467 [INFO] IPUIPlugin:80 - create IPUIPlugin
2023-08-10 17:52:32,467 [INFO] PluginManager:220 - loadIPPluginJar : add usbx
2023-08-10 17:52:32,584 [INFO] CADModel:165 - CPN selected for project level
2023-08-10 17:52:32,584 [INFO] CADModel:114 - Register for checkConnection events
2023-08-10 17:52:32,584 [FATAL] Updater:308 - Updater called before beeing initialized
2023-08-10 17:52:32,584 [ERROR] CADModel:125 - Updater not yet initialized, retry later 
2023-08-10 17:52:32,678 [INFO] CADModel:165 - CPN selected for project level
2023-08-10 17:52:32,679 [INFO] CADModel:114 - Register for checkConnection events
2023-08-10 17:52:32,679 [FATAL] Updater:308 - Updater called before beeing initialized
2023-08-10 17:52:32,679 [ERROR] CADModel:125 - Updater not yet initialized, retry later 
2023-08-10 17:52:32,681 [FATAL] Updater:308 - Updater called before beeing initialized
2023-08-10 17:52:32,760 [FATAL] Updater:308 - Updater called before beeing initialized
2023-08-10 17:52:32,764 [INFO] DbMcusAds:53 - JSON generation date=Thu Sep 30 03:55:09 ART 2021 (1632984909247)
2023-08-10 17:52:32,765 [FATAL] Updater:308 - Updater called before beeing initialized
2023-08-10 17:52:32,790 [WARN] DetailPanel:346 - Failed to get advertising image, set to default
2023-08-10 17:52:32,862 [FATAL] Updater:308 - Updater called before beeing initialized
2023-08-10 17:52:32,863 [FATAL] Updater:308 - Updater called before beeing initialized
2023-08-10 17:52:32,863 [FATAL] Updater:308 - Updater called before beeing initialized
2023-08-10 17:52:32,863 [WARN] DetailPanel:346 - Failed to get advertising image, set to default
2023-08-10 17:52:32,864 [FATAL] Updater:308 - Updater called before beeing initialized
2023-08-10 17:52:32,896 [ERROR] Updater:1120 - MainUpdater not yet initialized. External WinMGr cannot be set.
2023-08-10 17:52:32,897 [INFO] Updater:1056 - Updater Version found : 6.9.1
2023-08-10 17:52:32,909 [INFO] ApplicationProperties:184 - Using Application install path: C:\ST\STM32CubeIDE_1.13.1\STM32CubeIDE\plugins\com.st.stm32cube.common.mx_6.9.1.202307191849
2023-08-10 17:52:32,928 [INFO] MainUpdater:521 - Copy updater definitions from MX database
2023-08-10 17:52:32,955 [INFO] MainUpdater:554 - Copy flag file definitions from MX database
2023-08-10 17:52:32,956 [INFO] MainUpdater:570 - Copy thirdparty index definitions from MX database
2023-08-10 17:52:32,958 [INFO] MainUpdater:589 - Copy default thirdparty db definitions from MX database
2023-08-10 17:52:33,725 [INFO] MainUpdater:2868 - connection check result : 10
2023-08-10 17:52:33,725 [INFO] MainUpdater:3562 - Updater definition file requires update
2023-08-10 17:52:33,726 [INFO] MainUpdater:285 - Updater Check For Update Now.
2023-08-10 17:52:33,726 [INFO] MicroXplorer:498 - Change Database Version : DB.6.0.91
2023-08-10 17:52:33,734 [INFO] McuFinderGlobals:63 - Set McuFinder mode to 2 (CubeIDE integrated)
2023-08-10 17:52:33,734 [INFO] UserAuth:179 - activating auth plugin
2023-08-10 17:52:33,735 [INFO] UserAuth:393 - Internet connection configuration mode: 1
2023-08-10 17:52:33,742 [INFO] JxBrowserEngine:151 - Initiate JxBrowser Engine with user profile folder
2023-08-10 17:52:33,777 [INFO] ServerAccessManage:473 - Download File updaters.zip
2023-08-10 17:52:34,000 [INFO] FileExtend:240 - Unzip File : updaters.zip
2023-08-10 17:52:34,001 [INFO] FileExtend:255 - Standard Zip Deflate
2023-08-10 17:52:34,985 [WARN] MainUpdater:1189 - Updater busy. Cannot search thirdparties
2023-08-10 17:52:34,986 [INFO] ThirdPartyUpdaterWithRetryManager:96 - Updater plugin is busy. [1/15]
2023-08-10 17:52:35,414 [INFO] ServerAccessManage:473 - Download File PacksControlFlags.xml
2023-08-10 17:52:36,563 [INFO] ServerAccessManage:473 - Download File cubemx.pidx
2023-08-10 17:52:36,690 [INFO] ServerAccessManage:473 - Download File STMicroelectronics.FP-ATR-ASTRA1.pdsc
2023-08-10 17:52:36,824 [INFO] ServerAccessManage:473 - Download File STMicroelectronics.FP-ATR-SIGFOX1.pdsc
2023-08-10 17:52:36,895 [INFO] ServerAccessManage:473 - Download File STMicroelectronics.FP-SNS-FLIGHT1.pdsc
2023-08-10 17:52:37,012 [INFO] ServerAccessManage:473 - Download File STMicroelectronics.FP-SNS-MOTENV1.pdsc
2023-08-10 17:52:37,627 [INFO] ServerAccessManage:473 - Download File STMicroelectronics.X-CUBE-AI.pdsc
2023-08-10 17:52:37,698 [INFO] WebApp:157 - Instantiating new browser for Auth
2023-08-10 17:52:37,987 [WARN] MainUpdater:1189 - Updater busy. Cannot search thirdparties
2023-08-10 17:52:37,987 [INFO] ThirdPartyUpdaterWithRetryManager:96 - Updater plugin is busy. [2/15]
2023-08-10 17:52:38,222 [INFO] WebApp:753 - Register for checkConnection events
2023-08-10 17:52:38,222 [INFO] WebApp:390 - Apply proxy settings
2023-08-10 17:52:38,223 [INFO] WebApp:475 - Chromium requires no authentication
2023-08-10 17:52:38,229 [INFO] WebApp:418 - Direct internet connection detected
2023-08-10 17:52:38,361 [INFO] WebApp:188 - Starting web application
2023-08-10 17:52:38,361 [INFO] WebApp:520 - Web application path used C:\ST\STM32CubeIDE_1.13.1\STM32CubeIDE\plugins\com.st.stm32cube.common.mx_6.9.1.202307191849\db\plugins\mcufinder\reactClient1\index.html
2023-08-10 17:52:40,988 [WARN] MainUpdater:1189 - Updater busy. Cannot search thirdparties
2023-08-10 17:52:40,988 [INFO] ThirdPartyUpdaterWithRetryManager:96 - Updater plugin is busy. [3/15]
2023-08-10 17:52:43,990 [WARN] MainUpdater:1189 - Updater busy. Cannot search thirdparties
2023-08-10 17:52:43,990 [INFO] ThirdPartyUpdaterWithRetryManager:96 - Updater plugin is busy. [4/15]
2023-08-10 17:52:44,365 [INFO] ServerAccessManage:473 - Download File STMicroelectronics.X-CUBE-ALS.pdsc
2023-08-10 17:52:44,469 [INFO] ServerAccessManage:473 - Download File STMicroelectronics.X-CUBE-BLE1.pdsc
2023-08-10 17:52:45,419 [ERROR] ServerAccessManage:1089 - Problem, file not found on Server
2023-08-10 17:52:45,448 [INFO] ServerAccessManage:473 - Download File STMicroelectronics.X-CUBE-BLE2.pdsc
2023-08-10 17:52:45,732 [INFO] ServerAccessManage:473 - Download File STMicroelectronics.X-CUBE-BLEMGR.pdsc
2023-08-10 17:52:45,935 [INFO] ServerAccessManage:473 - Download File STMicroelectronics.X-CUBE-DISPLAY.pdsc
2023-08-10 17:52:46,149 [INFO] ServerAccessManage:473 - Download File STMicroelectronics.X-CUBE-EEPRMA1.pdsc
2023-08-10 17:52:46,703 [ERROR] ServerAccessManage:1089 - Problem, file not found on Server
2023-08-10 17:52:46,816 [INFO] ServerAccessManage:473 - Download File STMicroelectronics.X-CUBE-FREERTOS.pdsc
2023-08-10 17:52:46,911 [INFO] ServerAccessManage:473 - Download File STMicroelectronics.X-CUBE-GNSS1.pdsc
2023-08-10 17:52:46,991 [WARN] MainUpdater:1189 - Updater busy. Cannot search thirdparties
2023-08-10 17:52:46,991 [INFO] ThirdPartyUpdaterWithRetryManager:96 - Updater plugin is busy. [5/15]
2023-08-10 17:52:47,841 [ERROR] ServerAccessManage:1089 - Problem, file not found on Server
2023-08-10 17:52:48,463 [ERROR] ServerAccessManage:1089 - Problem, file not found on Server
2023-08-10 17:52:49,090 [ERROR] ServerAccessManage:1089 - Problem, file not found on Server
2023-08-10 17:52:49,598 [ERROR] ServerAccessManage:1089 - Problem, file not found on Server
2023-08-10 17:52:49,991 [WARN] MainUpdater:1189 - Updater busy. Cannot search thirdparties
2023-08-10 17:52:49,991 [INFO] ThirdPartyUpdaterWithRetryManager:96 - Updater plugin is busy. [6/15]
2023-08-10 17:52:50,356 [ERROR] ServerAccessManage:1089 - Problem, file not found on Server
2023-08-10 17:52:50,968 [ERROR] ServerAccessManage:1089 - Problem, file not found on Server
2023-08-10 17:52:50,995 [INFO] ServerAccessManage:473 - Download File STMicroelectronics.X-CUBE-ISPU.pdsc
2023-08-10 17:52:51,097 [INFO] ServerAccessManage:473 - Download File STMicroelectronics.X-CUBE-MEMS1.pdsc
2023-08-10 17:52:51,986 [INFO] ServerAccessManage:473 - Download File STMicroelectronics.X-CUBE-NFC4.pdsc
2023-08-10 17:52:52,334 [INFO] ServerAccessManage:473 - Download File STMicroelectronics.X-CUBE-NFC7.pdsc
2023-08-10 17:52:52,432 [INFO] ServerAccessManage:473 - Download File STMicroelectronics.X-CUBE-SFXS2LP1.pdsc
2023-08-10 17:52:52,605 [INFO] ServerAccessManage:473 - Download File STMicroelectronics.X-CUBE-SUBG2.pdsc
2023-08-10 17:52:52,992 [WARN] MainUpdater:1189 - Updater busy. Cannot search thirdparties
2023-08-10 17:52:52,992 [INFO] ThirdPartyUpdaterWithRetryManager:96 - Updater plugin is busy. [7/15]
2023-08-10 17:52:53,026 [INFO] ServerAccessManage:473 - Download File STMicroelectronics.X-CUBE-SMBUS.pdsc
2023-08-10 17:52:53,717 [ERROR] ServerAccessManage:1089 - Problem, file not found on Server
2023-08-10 17:52:54,359 [INFO] ServerAccessManage:473 - Download File STMicroelectronics.X-CUBE-TOF1.pdsc
2023-08-10 17:52:55,993 [WARN] MainUpdater:1189 - Updater busy. Cannot search thirdparties
2023-08-10 17:52:55,993 [INFO] ThirdPartyUpdaterWithRetryManager:96 - Updater plugin is busy. [8/15]
2023-08-10 17:52:57,711 [ERROR] ServerAccessManage:1089 - Problem, file not found on Server
2023-08-10 17:52:57,758 [INFO] ServerAccessManage:473 - Download File STMicroelectronics.X-CUBE-TOUCHGFX.pdsc
2023-08-10 17:52:58,219 [INFO] ServerAccessManage:473 - Download File STMicroelectronics.X-CUBE-ALGOBUILD.pdsc
2023-08-10 17:52:58,408 [INFO] ServerAccessManage:473 - Download File STMicroelectronics.X-CUBE-AZRTOS-H7.pdsc
2023-08-10 17:52:58,886 [INFO] ServerAccessManage:473 - Download File STMicroelectronics.X-CUBE-AZRTOS-F4.pdsc
2023-08-10 17:52:58,994 [WARN] MainUpdater:1189 - Updater busy. Cannot search thirdparties
2023-08-10 17:52:58,994 [INFO] ThirdPartyUpdaterWithRetryManager:96 - Updater plugin is busy. [9/15]
2023-08-10 17:52:59,077 [ERROR] LogOutputStream:75 - [STDERR_REDIRECT] SLF4J: Failed to load class "org.slf4j.impl.StaticLoggerBinder".
2023-08-10 17:52:59,078 [ERROR] LogOutputStream:75 - [STDERR_REDIRECT] SLF4J: Defaulting to no-operation (NOP) logger implementation
2023-08-10 17:52:59,079 [ERROR] LogOutputStream:75 - [STDERR_REDIRECT] SLF4J: See http://www.slf4j.org/codes.html#StaticLoggerBinder for further details.
2023-08-10 17:52:59,229 [INFO] ServerAccessManage:473 - Download File STMicroelectronics.X-CUBE-AZRTOS-F7.pdsc
2023-08-10 17:52:59,559 [INFO] ServerAccessManage:473 - Download File STMicroelectronics.X-CUBE-AZRTOS-L4.pdsc
2023-08-10 17:53:00,509 [INFO] ServerAccessManage:473 - Download File STMicroelectronics.X-CUBE-AZRTOS-L5.pdsc
2023-08-10 17:53:01,995 [WARN] MainUpdater:1189 - Updater busy. Cannot search thirdparties
2023-08-10 17:53:01,995 [INFO] ThirdPartyUpdaterWithRetryManager:96 - Updater plugin is busy. [10/15]
2023-08-10 17:53:03,158 [INFO] ServerAccessManage:473 - Download File STMicroelectronics.X-CUBE-AZRTOS-G0.pdsc
2023-08-10 17:53:03,494 [INFO] ServerAccessManage:473 - Download File STMicroelectronics.X-CUBE-AZRTOS-G4.pdsc
2023-08-10 17:53:04,281 [INFO] ServerAccessManage:473 - Download File STMicroelectronics.X-CUBE-AZRTOS-WB.pdsc
2023-08-10 17:53:04,997 [WARN] MainUpdater:1189 - Updater busy. Cannot search thirdparties
2023-08-10 17:53:04,997 [INFO] ThirdPartyUpdaterWithRetryManager:96 - Updater plugin is busy. [11/15]
2023-08-10 17:53:05,105 [INFO] ServerAccessManage:473 - Download File STMicroelectronics.X-CUBE-AZRTOS-WL.pdsc
2023-08-10 17:53:06,618 [INFO] ServerAccessManage:473 - Download File wolfSSL.I-CUBE-wolfSSL.pdsc
2023-08-10 17:53:07,997 [WARN] MainUpdater:1189 - Updater busy. Cannot search thirdparties
2023-08-10 17:53:07,997 [INFO] ThirdPartyUpdaterWithRetryManager:96 - Updater plugin is busy. [12/15]
2023-08-10 17:53:09,822 [ERROR] ServerAccessManage:1089 - Problem, file not found on Server
2023-08-10 17:53:10,264 [ERROR] ServerAccessManage:1089 - Problem, file not found on Server
2023-08-10 17:53:10,669 [ERROR] ServerAccessManage:1089 - Problem, file not found on Server
2023-08-10 17:53:10,999 [WARN] MainUpdater:1189 - Updater busy. Cannot search thirdparties
2023-08-10 17:53:10,999 [INFO] ThirdPartyUpdaterWithRetryManager:96 - Updater plugin is busy. [13/15]
2023-08-10 17:53:11,570 [ERROR] ServerAccessManage:1096 - Problem, Http access forbiden
2023-08-10 17:53:11,571 [ERROR] ServerAccessManage:651 - Problem, Http access forbiden : RoweBots.I-CUBE-UNISONRTOS.pdsc.
2023-08-10 17:53:13,504 [INFO] ServerAccessManage:473 - Download File SEGGER.I-CUBE-embOS.pdsc
2023-08-10 17:53:14,000 [WARN] MainUpdater:1189 - Updater busy. Cannot search thirdparties
2023-08-10 17:53:14,000 [INFO] ThirdPartyUpdaterWithRetryManager:96 - Updater plugin is busy. [14/15]
2023-08-10 17:53:16,929 [INFO] ServerAccessManage:473 - Download File portGmbH.I-Cube-SoM-uGOAL.pdsc
2023-08-10 17:53:17,001 [WARN] MainUpdater:1189 - Updater busy. Cannot search thirdparties
2023-08-10 17:53:17,001 [INFO] ThirdPartyUpdaterWithRetryManager:96 - Updater plugin is busy. [15/15]
2023-08-10 17:53:17,001 [ERROR] IntegrityCheckThread:130 - Cannot retrieve database content from updater: error -1
2023-08-10 17:53:17,001 [INFO] ThirdParty:978 - Integrity check success = false
2023-08-10 17:53:17,001 [INFO] IntegrityCheckThread:100 - exiting critical section [integrity check]
2023-08-10 17:53:17,001 [INFO] IntegrityCheckThread:103 - End integrity checks thread
2023-08-10 17:53:19,495 [ERROR] ServerAccessManage:1089 - Problem, file not found on Server
2023-08-10 17:53:19,776 [ERROR] ServerAccessManage:1089 - Problem, file not found on Server
2023-08-10 17:53:20,034 [ERROR] ServerAccessManage:1089 - Problem, file not found on Server
2023-08-10 17:53:21,397 [INFO] ServerAccessManage:473 - Download File emotas.I-CUBE-CANOPEN.pdsc
2023-08-10 17:53:23,844 [INFO] ServerAccessManage:473 - Download File WES.I-CUBE-Cesium.pdsc
2023-08-10 17:53:26,108 [ERROR] ServerAccessManage:1089 - Problem, file not found on Server
2023-08-10 17:53:26,873 [ERROR] ServerAccessManage:1089 - Problem, file not found on Server
2023-08-10 17:53:26,926 [WARN] CheckServerUpdateThread:151 - Open CheckUpdateFile Fail
2023-08-10 17:53:26,931 [WARN] PackLoader:240 - Cannot read IP mode file for STMicroelectronics.FP-ATR-ASTRA1.2.0.0
2023-08-10 17:53:26,937 [WARN] PackLoader:240 - Cannot read IP mode file for STMicroelectronics.FP-ATR-SIGFOX1.3.2.0
2023-08-10 17:53:26,942 [WARN] PackLoader:240 - Cannot read IP mode file for STMicroelectronics.FP-SNS-FLIGHT1.5.0.2
2023-08-10 17:53:26,949 [WARN] PackLoader:240 - Cannot read IP mode file for STMicroelectronics.FP-SNS-MOTENV1.4.3.2
2023-08-10 17:53:26,957 [WARN] PackLoader:240 - Cannot read IP mode file for STMicroelectronics.X-CUBE-AI.8.1.0
2023-08-10 17:53:26,965 [WARN] PackLoader:240 - Cannot read IP mode file for STMicroelectronics.X-CUBE-ALS.1.0.1
2023-08-10 17:53:26,971 [WARN] PackLoader:240 - Cannot read IP mode file for STMicroelectronics.X-CUBE-BLE1.6.2.4
2023-08-10 17:53:26,976 [WARN] PackLoader:240 - Cannot read IP mode file for STMicroelectronics.X-CUBE-BLE2.3.3.0
2023-08-10 17:53:26,987 [WARN] PackLoader:240 - Cannot read IP mode file for STMicroelectronics.X-CUBE-BLEMGR.2.0.0
2023-08-10 17:53:27,000 [WARN] PackLoader:240 - Cannot read IP mode file for STMicroelectronics.X-CUBE-DISPLAY.3.0.0
2023-08-10 17:53:27,010 [WARN] PackLoader:240 - Cannot read IP mode file for STMicroelectronics.X-CUBE-EEPRMA1.4.1.0
2023-08-10 17:53:27,018 [WARN] PackLoader:240 - Cannot read IP mode file for STMicroelectronics.X-CUBE-FREERTOS.1.0.1
2023-08-10 17:53:27,022 [WARN] PackLoader:240 - Cannot read IP mode file for STMicroelectronics.X-CUBE-GNSS1.6.0.0
2023-08-10 17:53:27,026 [WARN] PackLoader:240 - Cannot read IP mode file for STMicroelectronics.X-CUBE-ISPU.1.1.0
2023-08-10 17:53:27,042 [INFO] CheckServerUpdateThread:120 - End of CheckServer Thread
2023-08-10 17:53:27,068 [WARN] PackLoader:240 - Cannot read IP mode file for STMicroelectronics.X-CUBE-MEMS1.9.6.0
2023-08-10 17:53:27,173 [WARN] PackLoader:240 - Cannot read IP mode file for STMicroelectronics.X-CUBE-NFC4.3.0.0
2023-08-10 17:53:27,178 [WARN] PackLoader:240 - Cannot read IP mode file for STMicroelectronics.X-CUBE-NFC7.1.0.1
2023-08-10 17:53:27,184 [WARN] PackLoader:240 - Cannot read IP mode file for STMicroelectronics.X-CUBE-SFXS2LP1.4.0.0
2023-08-10 17:53:27,191 [WARN] PackLoader:240 - Cannot read IP mode file for STMicroelectronics.X-CUBE-SUBG2.5.0.0
2023-08-10 17:53:27,197 [WARN] PackLoader:240 - Cannot read IP mode file for STMicroelectronics.X-CUBE-SMBUS.2.1.0
2023-08-10 17:53:27,203 [WARN] PackLoader:240 - Cannot read IP mode file for STMicroelectronics.X-CUBE-TOF1.3.3.1
2023-08-10 17:53:27,212 [WARN] PackLoader:240 - Cannot read IP mode file for STMicroelectronics.X-CUBE-TOUCHGFX.4.22.0
2023-08-10 17:53:27,218 [WARN] PackLoader:240 - Cannot read IP mode file for STMicroelectronics.X-CUBE-ALGOBUILD.1.3.0
2023-08-10 17:53:27,233 [WARN] ConditionMgr:438 - getConditionDescription Invalid condition id : UX DEVICE CLASS RTOS Condition cause : null
2023-08-10 17:53:27,233 [WARN] ConditionMgr:438 - getConditionDescription Invalid condition id : UX DEVICE CLASS RTOS Condition cause : null
2023-08-10 17:53:27,236 [WARN] PackLoader:240 - Cannot read IP mode file for STMicroelectronics.X-CUBE-AZRTOS-H7.3.1.0
2023-08-10 17:53:27,237 [WARN] ConditionMgr:1039 - genDependencies : Invalid condition id : UX DEVICE CLASS RTOS Condition cause : null
2023-08-10 17:53:27,237 [WARN] ConditionMgr:1039 - genDependencies : Invalid condition id : UX DEVICE CLASS RTOS Condition cause : null
2023-08-10 17:53:27,238 [WARN] ConditionMgr:1039 - genDependencies : Invalid condition id : UX DEVICE CLASS RTOS Condition cause : null
2023-08-10 17:53:27,239 [WARN] ConditionMgr:1039 - genDependencies : Invalid condition id : UX DEVICE CLASS RTOS Condition cause : null
2023-08-10 17:53:27,239 [WARN] ConditionMgr:1039 - genDependencies : Invalid condition id : UX DEVICE CLASS RTOS Condition cause : null
2023-08-10 17:53:27,256 [WARN] PackLoader:240 - Cannot read IP mode file for STMicroelectronics.X-CUBE-AZRTOS-F4.1.1.0
2023-08-10 17:53:27,276 [WARN] PackLoader:240 - Cannot read IP mode file for STMicroelectronics.X-CUBE-AZRTOS-F7.1.1.0
2023-08-10 17:53:27,291 [WARN] ConditionMgr:438 - getConditionDescription Invalid condition id : LAN8742 Phy interface Condition cause : null
2023-08-10 17:53:27,291 [WARN] PackLoader:240 - Cannot read IP mode file for STMicroelectronics.X-CUBE-AZRTOS-L4.2.0.0
2023-08-10 17:53:27,292 [WARN] ConditionMgr:1039 - genDependencies : Invalid condition id : LAN8742 Phy interface Condition cause : null
2023-08-10 17:53:27,292 [WARN] ConditionMgr:1039 - genDependencies : Invalid condition id : LAN8742 Phy interface Condition cause : null
2023-08-10 17:53:27,293 [WARN] ConditionMgr:1039 - genDependencies : Invalid condition id : LAN8742 Phy interface Condition cause : null
2023-08-10 17:53:27,306 [WARN] PackLoader:240 - Cannot read IP mode file for STMicroelectronics.X-CUBE-AZRTOS-L5.2.0.0
2023-08-10 17:53:27,323 [WARN] PackLoader:240 - Cannot read IP mode file for STMicroelectronics.X-CUBE-AZRTOS-G0.1.1.0
2023-08-10 17:53:27,339 [WARN] PackLoader:240 - Cannot read IP mode file for STMicroelectronics.X-CUBE-AZRTOS-G4.2.0.0
2023-08-10 17:53:27,352 [WARN] ConditionMgr:438 - getConditionDescription Invalid condition id : UX DEVICE CLASS RTOS Condition cause : null
2023-08-10 17:53:27,352 [WARN] ConditionMgr:438 - getConditionDescription Invalid condition id : UX DEVICE CLASS RTOS Condition cause : null
2023-08-10 17:53:27,355 [WARN] PackLoader:240 - Cannot read IP mode file for STMicroelectronics.X-CUBE-AZRTOS-WB.2.0.0
2023-08-10 17:53:27,355 [WARN] ConditionMgr:1039 - genDependencies : Invalid condition id : UX DEVICE CLASS RTOS Condition cause : null
2023-08-10 17:53:27,355 [WARN] ConditionMgr:1039 - genDependencies : Invalid condition id : UX DEVICE CLASS RTOS Condition cause : null
2023-08-10 17:53:27,356 [WARN] ConditionMgr:1039 - genDependencies : Invalid condition id : UX DEVICE CLASS RTOS Condition cause : null
2023-08-10 17:53:27,356 [WARN] ConditionMgr:1039 - genDependencies : Invalid condition id : UX DEVICE CLASS RTOS Condition cause : null
2023-08-10 17:53:27,356 [WARN] ConditionMgr:1039 - genDependencies : Invalid condition id : UX DEVICE CLASS RTOS Condition cause : null
2023-08-10 17:53:27,364 [INFO] LogOutputStream:77 - [STDOUT_REDIRECT] 1 : Invalid condition id : UX_CORESTACK_Condition cause : null
2023-08-10 17:53:27,364 [INFO] LogOutputStream:77 - [STDOUT_REDIRECT] 1 : Invalid condition id : UX_CORESTACK_Condition cause : null
2023-08-10 17:53:27,365 [INFO] LogOutputStream:77 - [STDOUT_REDIRECT] 1 : Invalid condition id : UX_CORESTACK_Condition cause : null
2023-08-10 17:53:27,365 [INFO] LogOutputStream:77 - [STDOUT_REDIRECT] 1 : Invalid condition id : UX_CORESTACK_Condition cause : null
2023-08-10 17:53:27,366 [INFO] LogOutputStream:77 - [STDOUT_REDIRECT] 1 : Invalid condition id : UX_CORESTACK_Condition cause : null
2023-08-10 17:53:27,368 [WARN] PackLoader:240 - Cannot read IP mode file for STMicroelectronics.X-CUBE-AZRTOS-WL.2.0.0
2023-08-10 17:53:27,372 [WARN] PackLoader:240 - Cannot read IP mode file for wolfSSL.I-CUBE-wolfSSL.5.6.3
2023-08-10 17:53:27,401 [WARN] PackLoader:240 - Cannot read IP mode file for SEGGER.I-CUBE-embOS.1.3.1
2023-08-10 17:53:27,435 [WARN] PackLoader:240 - Cannot read IP mode file for portGmbH.I-Cube-SoM-uGOAL.1.1.0
2023-08-10 17:53:27,438 [WARN] PackLoader:240 - Cannot read IP mode file for emotas.I-CUBE-CANOPEN.1.3.0
2023-08-10 17:53:27,442 [WARN] PackLoader:240 - Cannot read IP mode file for WES.I-CUBE-Cesium.1.3.0
2023-08-10 17:53:27,443 [INFO] PopulateThirdPartyThread:66 - Ending populate Thread
2023-08-10 17:53:27,444 [INFO] ThirdParty:1030 - CMSIS Pack Vendor :STMicroelectronics X-CUBE-ISPU 1.1.0
2023-08-10 17:53:27,444 [INFO] ThirdParty:1030 - CMSIS Pack Vendor :STMicroelectronics X-CUBE-DISPLAY 3.0.0
2023-08-10 17:53:27,445 [INFO] ThirdParty:1030 - CMSIS Pack Vendor :STMicroelectronics X-CUBE-GNSS1 6.0.0
2023-08-10 17:53:27,445 [INFO] ThirdParty:1030 - CMSIS Pack Vendor :STMicroelectronics X-CUBE-AZRTOS-F4 1.1.0
2023-08-10 17:53:27,445 [INFO] ThirdParty:1030 - CMSIS Pack Vendor :STMicroelectronics FP-ATR-SIGFOX1 3.2.0
2023-08-10 17:53:27,445 [INFO] ThirdParty:1030 - CMSIS Pack Vendor :wolfSSL I-CUBE-wolfSSL 5.6.3
2023-08-10 17:53:27,445 [INFO] ThirdParty:1030 - CMSIS Pack Vendor :STMicroelectronics X-CUBE-SMBUS 2.1.0
2023-08-10 17:53:27,445 [INFO] ThirdParty:1030 - CMSIS Pack Vendor :STMicroelectronics X-CUBE-AZRTOS-WB 2.0.0
2023-08-10 17:53:27,445 [INFO] ThirdParty:1030 - CMSIS Pack Vendor :emotas I-CUBE-CANOPEN 1.3.0
2023-08-10 17:53:27,445 [INFO] ThirdParty:1030 - CMSIS Pack Vendor :STMicroelectronics X-CUBE-FREERTOS 1.0.1
2023-08-10 17:53:27,445 [INFO] ThirdParty:1030 - CMSIS Pack Vendor :STMicroelectronics X-CUBE-NFC7 1.0.1
2023-08-10 17:53:27,445 [INFO] ThirdParty:1030 - CMSIS Pack Vendor :STMicroelectronics X-CUBE-TOUCHGFX 4.22.0
2023-08-10 17:53:27,445 [INFO] ThirdParty:1030 - CMSIS Pack Vendor :STMicroelectronics X-CUBE-AZRTOS-F7 1.1.0
2023-08-10 17:53:27,445 [INFO] ThirdParty:1030 - CMSIS Pack Vendor :STMicroelectronics X-CUBE-AZRTOS-L5 2.0.0
2023-08-10 17:53:27,445 [INFO] ThirdParty:1030 - CMSIS Pack Vendor :STMicroelectronics X-CUBE-ALS 1.0.1
2023-08-10 17:53:27,445 [INFO] ThirdParty:1030 - CMSIS Pack Vendor :STMicroelectronics X-CUBE-EEPRMA1 4.1.0
2023-08-10 17:53:27,445 [INFO] ThirdParty:1030 - CMSIS Pack Vendor :portGmbH I-Cube-SoM-uGOAL 1.1.0
2023-08-10 17:53:27,445 [INFO] ThirdParty:1030 - CMSIS Pack Vendor :STMicroelectronics X-CUBE-MEMS1 9.6.0
2023-08-10 17:53:27,445 [INFO] ThirdParty:1030 - CMSIS Pack Vendor :STMicroelectronics FP-SNS-MOTENV1 4.3.2
2023-08-10 17:53:27,445 [INFO] ThirdParty:1030 - CMSIS Pack Vendor :STMicroelectronics X-CUBE-ALGOBUILD 1.3.0
2023-08-10 17:53:27,445 [INFO] ThirdParty:1030 - CMSIS Pack Vendor :STMicroelectronics X-CUBE-AZRTOS-WL 2.0.0
2023-08-10 17:53:27,445 [INFO] ThirdParty:1030 - CMSIS Pack Vendor :SEGGER I-CUBE-embOS 1.3.1
2023-08-10 17:53:27,445 [INFO] ThirdParty:1030 - CMSIS Pack Vendor :STMicroelectronics X-CUBE-BLE1 6.2.4
2023-08-10 17:53:27,445 [INFO] ThirdParty:1030 - CMSIS Pack Vendor :STMicroelectronics X-CUBE-AZRTOS-G0 1.1.0
2023-08-10 17:53:27,445 [INFO] ThirdParty:1030 - CMSIS Pack Vendor :STMicroelectronics X-CUBE-AI 8.1.0
2023-08-10 17:53:27,445 [INFO] ThirdParty:1030 - CMSIS Pack Vendor :STMicroelectronics X-CUBE-BLEMGR 2.0.0
2023-08-10 17:53:27,445 [INFO] ThirdParty:1030 - CMSIS Pack Vendor :STMicroelectronics X-CUBE-NFC4 3.0.0
2023-08-10 17:53:27,445 [INFO] ThirdParty:1030 - CMSIS Pack Vendor :STMicroelectronics X-CUBE-SUBG2 5.0.0
2023-08-10 17:53:27,445 [INFO] ThirdParty:1030 - CMSIS Pack Vendor :STMicroelectronics X-CUBE-AZRTOS-L4 2.0.0
2023-08-10 17:53:27,445 [INFO] ThirdParty:1030 - CMSIS Pack Vendor :STMicroelectronics FP-ATR-ASTRA1 2.0.0
2023-08-10 17:53:27,445 [INFO] ThirdParty:1030 - CMSIS Pack Vendor :WES I-CUBE-Cesium 1.3.0
2023-08-10 17:53:27,445 [INFO] ThirdParty:1030 - CMSIS Pack Vendor :STMicroelectronics X-CUBE-SFXS2LP1 4.0.0
2023-08-10 17:53:27,445 [INFO] ThirdParty:1030 - CMSIS Pack Vendor :STMicroelectronics FP-SNS-FLIGHT1 5.0.2
2023-08-10 17:53:27,446 [INFO] ThirdParty:1030 - CMSIS Pack Vendor :STMicroelectronics X-CUBE-BLE2 3.3.0
2023-08-10 17:53:27,446 [INFO] ThirdParty:1030 - CMSIS Pack Vendor :STMicroelectronics X-CUBE-TOF1 3.3.1
2023-08-10 17:53:27,446 [INFO] ThirdParty:1030 - CMSIS Pack Vendor :STMicroelectronics X-CUBE-AZRTOS-G4 2.0.0
2023-08-10 17:53:27,446 [INFO] ThirdParty:1030 - CMSIS Pack Vendor :STMicroelectronics X-CUBE-AZRTOS-H7 3.1.0
2023-08-10 17:53:27,446 [INFO] LoadServerUpdatesThread:373 - End of LoadServerUpdate Thread
2023-08-10 17:57:36,632 [INFO] LogOutputStream:77 - [STDOUT_REDIRECT] Unexpected error loading extension: org.eclipse.equinox.p2.metadata.repository.compositeRepository
2023-08-10 17:57:36,634 [ERROR] LogOutputStream:75 - [STDERR_REDIRECT] java.lang.IllegalStateException: bundle org.eclipse.equinox.p2.repositoryis not started
2023-08-10 17:57:36,637 [ERROR] LogOutputStream:75 - [STDERR_REDIRECT] 	at org.eclipse.equinox.internal.p2.repository.Activator.getContext(Activator.java:65)
2023-08-10 17:57:36,640 [ERROR] LogOutputStream:75 - [STDERR_REDIRECT] 	at org.eclipse.equinox.internal.p2.repository.helpers.AbstractRepositoryManager.restoreFromSystemProperty(AbstractRepositoryManager.java:1013)
2023-08-10 17:57:36,643 [ERROR] LogOutputStream:75 - [STDERR_REDIRECT] 	at org.eclipse.equinox.internal.p2.repository.helpers.AbstractRepositoryManager.restoreRepositories(AbstractRepositoryManager.java:1033)
2023-08-10 17:57:36,645 [ERROR] LogOutputStream:75 - [STDERR_REDIRECT] 	at org.eclipse.equinox.internal.p2.repository.helpers.AbstractRepositoryManager.removeRepository(AbstractRepositoryManager.java:946)
2023-08-10 17:57:36,647 [ERROR] LogOutputStream:75 - [STDERR_REDIRECT] 	at org.eclipse.equinox.internal.p2.repository.helpers.AbstractRepositoryManager.loadRepository(AbstractRepositoryManager.java:701)
2023-08-10 17:57:36,650 [ERROR] LogOutputStream:75 - [STDERR_REDIRECT] 	at org.eclipse.equinox.internal.p2.metadata.repository.MetadataRepositoryManager.loadRepository(MetadataRepositoryManager.java:110)
2023-08-10 17:57:36,652 [ERROR] LogOutputStream:75 - [STDERR_REDIRECT] 	at org.eclipse.equinox.internal.p2.metadata.repository.MetadataRepositoryManager.loadRepository(MetadataRepositoryManager.java:105)
2023-08-10 17:57:36,654 [ERROR] LogOutputStream:75 - [STDERR_REDIRECT] 	at org.eclipse.equinox.internal.p2.metadata.repository.CompositeMetadataRepository.addChild(CompositeMetadataRepository.java:171)
2023-08-10 17:57:36,656 [ERROR] LogOutputStream:75 - [STDERR_REDIRECT] 	at org.eclipse.equinox.internal.p2.metadata.repository.CompositeMetadataRepository.<init>(CompositeMetadataRepository.java:113)
2023-08-10 17:57:36,658 [ERROR] LogOutputStream:75 - [STDERR_REDIRECT] 	at org.eclipse.equinox.internal.p2.metadata.repository.CompositeMetadataRepositoryFactory.load(CompositeMetadataRepositoryFactory.java:124)
2023-08-10 17:57:36,661 [ERROR] LogOutputStream:75 - [STDERR_REDIRECT] 	at org.eclipse.equinox.internal.p2.metadata.repository.MetadataRepositoryManager.factoryLoad(MetadataRepositoryManager.java:63)
2023-08-10 17:57:36,663 [ERROR] LogOutputStream:75 - [STDERR_REDIRECT] 	at org.eclipse.equinox.internal.p2.repository.helpers.AbstractRepositoryManager.loadRepository(AbstractRepositoryManager.java:787)
2023-08-10 17:57:36,666 [ERROR] LogOutputStream:75 - [STDERR_REDIRECT] 	at org.eclipse.equinox.internal.p2.repository.helpers.AbstractRepositoryManager.loadRepository(AbstractRepositoryManager.java:685)
2023-08-10 17:57:36,669 [ERROR] LogOutputStream:75 - [STDERR_REDIRECT] 	at org.eclipse.equinox.internal.p2.metadata.repository.MetadataRepositoryManager.loadRepository(MetadataRepositoryManager.java:110)
2023-08-10 17:57:36,672 [ERROR] LogOutputStream:75 - [STDERR_REDIRECT] 	at org.eclipse.equinox.internal.p2.metadata.repository.MetadataRepositoryManager.loadRepository(MetadataRepositoryManager.java:105)
2023-08-10 17:57:36,675 [ERROR] LogOutputStream:75 - [STDERR_REDIRECT] 	at org.eclipse.equinox.internal.p2.metadata.repository.CompositeMetadataRepository.addChild(CompositeMetadataRepository.java:171)
2023-08-10 17:57:36,678 [ERROR] LogOutputStream:75 - [STDERR_REDIRECT] 	at org.eclipse.equinox.internal.p2.metadata.repository.CompositeMetadataRepository.<init>(CompositeMetadataRepository.java:113)
2023-08-10 17:57:36,680 [ERROR] LogOutputStream:75 - [STDERR_REDIRECT] 	at org.eclipse.equinox.internal.p2.metadata.repository.CompositeMetadataRepositoryFactory.load(CompositeMetadataRepositoryFactory.java:124)
2023-08-10 17:57:36,683 [ERROR] LogOutputStream:75 - [STDERR_REDIRECT] 	at org.eclipse.equinox.internal.p2.metadata.repository.MetadataRepositoryManager.factoryLoad(MetadataRepositoryManager.java:63)
2023-08-10 17:57:36,686 [ERROR] LogOutputStream:75 - [STDERR_REDIRECT] 	at org.eclipse.equinox.internal.p2.repository.helpers.AbstractRepositoryManager.loadRepository(AbstractRepositoryManager.java:787)
2023-08-10 17:57:36,689 [ERROR] LogOutputStream:75 - [STDERR_REDIRECT] 	at org.eclipse.equinox.internal.p2.repository.helpers.AbstractRepositoryManager.loadRepository(AbstractRepositoryManager.java:685)
2023-08-10 17:57:36,692 [ERROR] LogOutputStream:75 - [STDERR_REDIRECT] 	at org.eclipse.equinox.internal.p2.metadata.repository.MetadataRepositoryManager.loadRepository(MetadataRepositoryManager.java:110)
2023-08-10 17:57:36,695 [ERROR] LogOutputStream:75 - [STDERR_REDIRECT] 	at org.eclipse.equinox.internal.p2.metadata.repository.MetadataRepositoryManager.loadRepository(MetadataRepositoryManager.java:105)
2023-08-10 17:57:36,698 [ERROR] LogOutputStream:75 - [STDERR_REDIRECT] 	at org.eclipse.equinox.internal.p2.updatechecker.UpdateChecker.getAvailableRepositories(UpdateChecker.java:152)
2023-08-10 17:57:36,700 [ERROR] LogOutputStream:75 - [STDERR_REDIRECT] 	at org.eclipse.equinox.internal.p2.updatechecker.UpdateChecker.checkForUpdates(UpdateChecker.java:130)
2023-08-10 17:57:36,703 [ERROR] LogOutputStream:75 - [STDERR_REDIRECT] 	at org.eclipse.equinox.internal.p2.updatechecker.UpdateChecker$UpdateCheckThread.run(UpdateChecker.java:78)
2023-08-10 17:57:36,807 [ERROR] LogOutputStream:75 - [STDERR_REDIRECT] 
